<?xml version="1.0" encoding="UTF-8"?>
<testng-results ignored="0" total="1" passed="1" failed="0" skipped="0">
  <reporter-output>
  </reporter-output>
  <suite started-at="2025-06-20T11:25:11 IST" name="Default suite" finished-at="2025-06-20T11:25:15 IST" duration-ms="3953">
    <groups>
    </groups>
    <test started-at="2025-06-20T11:25:11 IST" name="Default test" finished-at="2025-06-20T11:25:15 IST" duration-ms="3953">
      <class name="Assignments.Assignment3">
        <test-method signature="oAuthTest()[pri:0, instance:Assignments.Assignment3@54a7079e]" started-at="2025-06-20T11:25:11 IST" name="oAuthTest" finished-at="2025-06-20T11:25:15 IST" duration-ms="3894" status="PASS">
          <reporter-output>
          </reporter-output>
        </test-method> <!-- oAuthTest -->
      </class> <!-- Assignments.Assignment3 -->
    </test> <!-- Default test -->
  </suite> <!-- Default suite -->
</testng-results>
