<?xml version="1.0" encoding="UTF-8"?>
<testng-results ignored="0" total="2" passed="2" failed="0" skipped="0">
  <reporter-output>
  </reporter-output>
  <suite started-at="2025-06-16T12:57:04 IST" name="Default suite" finished-at="2025-06-16T12:57:08 IST" duration-ms="4161">
    <groups>
    </groups>
    <test started-at="2025-06-16T12:57:04 IST" name="Default test" finished-at="2025-06-16T12:57:08 IST" duration-ms="4161">
      <class name="Assignments.Assignment2">
        <test-method signature="PostRequestUsingHashMap()[pri:1, instance:Assignments.Assignment2@26e356f0]" started-at="2025-06-16T12:57:04 IST" name="PostRequestUsingHashMap" finished-at="2025-06-16T12:57:07 IST" duration-ms="3276" status="PASS">
          <reporter-output>
          </reporter-output>
        </test-method> <!-- PostRequestUsingHashMap -->
        <test-method signature="PostRequestUsingPojo()[pri:2, instance:Assignments.Assignment2@26e356f0]" started-at="2025-06-16T12:57:08 IST" name="PostRequestUsingPojo" finished-at="2025-06-16T12:57:08 IST" duration-ms="810" status="PASS">
          <reporter-output>
          </reporter-output>
        </test-method> <!-- PostRequestUsingPojo -->
      </class> <!-- Assignments.Assignment2 -->
    </test> <!-- Default test -->
  </suite> <!-- Default suite -->
</testng-results>
